{"C:\\Users\\andre\\Github\\IDX\\IDXExchange\\backend\\app.js": {"path":"C:\\Users\\andre\\Github\\IDX\\IDXExchange\\backend\\app.js","statementMap":{"0":{"start":{"line":1,"column":16},"end":{"line":1,"column":34}},"1":{"start":{"line":2,"column":13},"end":{"line":2,"column":28}},"2":{"start":{"line":3,"column":0},"end":{"line":3,"column":27}},"3":{"start":{"line":4,"column":13},"end":{"line":4,"column":28}},"4":{"start":{"line":6,"column":12},"end":{"line":6,"column":21}},"5":{"start":{"line":8,"column":0},"end":{"line":8,"column":16}},"6":{"start":{"line":9,"column":0},"end":{"line":9,"column":24}},"7":{"start":{"line":12,"column":0},"end":{"line":19,"column":3}},"8":{"start":{"line":13,"column":16},"end":{"line":13,"column":26}},"9":{"start":{"line":14,"column":2},"end":{"line":17,"column":5}},"10":{"start":{"line":15,"column":21},"end":{"line":15,"column":39}},"11":{"start":{"line":16,"column":4},"end":{"line":16,"column":84}},"12":{"start":{"line":18,"column":2},"end":{"line":18,"column":9}},"13":{"start":{"line":22,"column":23},"end":{"line":22,"column":53}},"14":{"start":{"line":23,"column":25},"end":{"line":23,"column":55}},"15":{"start":{"line":25,"column":0},"end":{"line":25,"column":43}},"16":{"start":{"line":26,"column":0},"end":{"line":26,"column":45}},"17":{"start":{"line":29,"column":0},"end":{"line":42,"column":3}},"18":{"start":{"line":30,"column":2},"end":{"line":41,"column":3}},"19":{"start":{"line":31,"column":19},"end":{"line":31,"column":57}},"20":{"start":{"line":32,"column":4},"end":{"line":35,"column":7}},"21":{"start":{"line":37,"column":4},"end":{"line":40,"column":7}},"22":{"start":{"line":44,"column":0},"end":{"line":44,"column":21}}},"fnMap":{"0":{"name":"(anonymous_0)","decl":{"start":{"line":12,"column":8},"end":{"line":12,"column":9}},"loc":{"start":{"line":12,"column":28},"end":{"line":19,"column":1}},"line":12},"1":{"name":"(anonymous_1)","decl":{"start":{"line":14,"column":19},"end":{"line":14,"column":20}},"loc":{"start":{"line":14,"column":25},"end":{"line":17,"column":3}},"line":14},"2":{"name":"(anonymous_2)","decl":{"start":{"line":29,"column":23},"end":{"line":29,"column":24}},"loc":{"start":{"line":29,"column":43},"end":{"line":42,"column":1}},"line":29}},"branchMap":{"0":{"loc":{"start":{"line":34,"column":16},"end":{"line":34,"column":62}},"type":"cond-expr","locations":[{"start":{"line":34,"column":39},"end":{"line":34,"column":50}},{"start":{"line":34,"column":53},"end":{"line":34,"column":62}}],"line":34}},"s":{"0":2,"1":2,"2":2,"3":2,"4":2,"5":2,"6":2,"7":2,"8":16,"9":16,"10":16,"11":16,"12":16,"13":2,"14":2,"15":2,"16":2,"17":2,"18":0,"19":0,"20":0,"21":0,"22":2},"f":{"0":16,"1":16,"2":0},"b":{"0":[0,0]},"_coverageSchema":"1a1c01bbd47fc00a2c39e90264f33305004495a9","hash":"6c921bcf02669b4a102f51e1e1af7080366b8192"}
,"C:\\Users\\andre\\Github\\IDX\\IDXExchange\\backend\\routes\\properties.js": {"path":"C:\\Users\\andre\\Github\\IDX\\IDXExchange\\backend\\routes\\properties.js","statementMap":{"0":{"start":{"line":5,"column":16},"end":{"line":5,"column":34}},"1":{"start":{"line":6,"column":15},"end":{"line":6,"column":31}},"2":{"start":{"line":7,"column":13},"end":{"line":7,"column":29}},"3":{"start":{"line":9,"column":0},"end":{"line":135,"column":3}},"4":{"start":{"line":10,"column":2},"end":{"line":134,"column":3}},"5":{"start":{"line":13,"column":23},"end":{"line":13,"column":42}},"6":{"start":{"line":14,"column":24},"end":{"line":14,"column":65}},"7":{"start":{"line":16,"column":4},"end":{"line":21,"column":5}},"8":{"start":{"line":17,"column":20},"end":{"line":17,"column":34}},"9":{"start":{"line":18,"column":6},"end":{"line":20,"column":7}},"10":{"start":{"line":19,"column":8},"end":{"line":19,"column":75}},"11":{"start":{"line":23,"column":4},"end":{"line":28,"column":5}},"12":{"start":{"line":24,"column":20},"end":{"line":24,"column":34}},"13":{"start":{"line":25,"column":6},"end":{"line":27,"column":7}},"14":{"start":{"line":26,"column":8},"end":{"line":26,"column":75}},"15":{"start":{"line":30,"column":14},"end":{"line":30,"column":53}},"16":{"start":{"line":31,"column":17},"end":{"line":31,"column":19}},"17":{"start":{"line":33,"column":19},"end":{"line":33,"column":74}},"18":{"start":{"line":34,"column":22},"end":{"line":34,"column":24}},"19":{"start":{"line":38,"column":18},"end":{"line":38,"column":47}},"20":{"start":{"line":39,"column":19},"end":{"line":39,"column":48}},"21":{"start":{"line":42,"column":20},"end":{"line":42,"column":34}},"22":{"start":{"line":43,"column":6},"end":{"line":50,"column":7}},"23":{"start":{"line":46,"column":8},"end":{"line":46,"column":46}},"24":{"start":{"line":47,"column":8},"end":{"line":47,"column":51}},"25":{"start":{"line":48,"column":8},"end":{"line":48,"column":27}},"26":{"start":{"line":49,"column":8},"end":{"line":49,"column":32}},"27":{"start":{"line":53,"column":4},"end":{"line":57,"column":5}},"28":{"start":{"line":56,"column":6},"end":{"line":56,"column":59}},"29":{"start":{"line":59,"column":4},"end":{"line":59,"column":50}},"30":{"start":{"line":60,"column":4},"end":{"line":60,"column":39}},"31":{"start":{"line":61,"column":4},"end":{"line":61,"column":49}},"32":{"start":{"line":62,"column":4},"end":{"line":62,"column":49}},"33":{"start":{"line":63,"column":4},"end":{"line":63,"column":42}},"34":{"start":{"line":64,"column":4},"end":{"line":64,"column":41}},"35":{"start":{"line":70,"column":22},"end":{"line":75,"column":5}},"36":{"start":{"line":80,"column":22},"end":{"line":87,"column":33}},"37":{"start":{"line":81,"column":25},"end":{"line":81,"column":53}},"38":{"start":{"line":83,"column":19},"end":{"line":83,"column":50}},"39":{"start":{"line":84,"column":19},"end":{"line":84,"column":50}},"40":{"start":{"line":85,"column":8},"end":{"line":85,"column":23}},"41":{"start":{"line":87,"column":27},"end":{"line":87,"column":32}},"42":{"start":{"line":88,"column":6},"end":{"line":88,"column":21}},"43":{"start":{"line":91,"column":19},"end":{"line":91,"column":43}},"44":{"start":{"line":92,"column":22},"end":{"line":92,"column":49}},"45":{"start":{"line":94,"column":22},"end":{"line":94,"column":24}},"46":{"start":{"line":96,"column":4},"end":{"line":113,"column":5}},"47":{"start":{"line":97,"column":20},"end":{"line":97,"column":22}},"48":{"start":{"line":99,"column":6},"end":{"line":110,"column":7}},"49":{"start":{"line":99,"column":19},"end":{"line":99,"column":20}},"50":{"start":{"line":100,"column":22},"end":{"line":100,"column":31}},"51":{"start":{"line":101,"column":22},"end":{"line":101,"column":62}},"52":{"start":{"line":103,"column":8},"end":{"line":105,"column":9}},"53":{"start":{"line":104,"column":10},"end":{"line":104,"column":81}},"54":{"start":{"line":109,"column":8},"end":{"line":109,"column":40}},"55":{"start":{"line":112,"column":6},"end":{"line":112,"column":52}},"56":{"start":{"line":115,"column":4},"end":{"line":115,"column":23}},"57":{"start":{"line":117,"column":4},"end":{"line":117,"column":31}},"58":{"start":{"line":118,"column":4},"end":{"line":118,"column":31}},"59":{"start":{"line":120,"column":19},"end":{"line":120,"column":48}},"60":{"start":{"line":122,"column":24},"end":{"line":122,"column":63}},"61":{"start":{"line":123,"column":18},"end":{"line":123,"column":36}},"62":{"start":{"line":125,"column":4},"end":{"line":130,"column":7}},"63":{"start":{"line":133,"column":4},"end":{"line":133,"column":49}},"64":{"start":{"line":137,"column":0},"end":{"line":137,"column":24}}},"fnMap":{"0":{"name":"(anonymous_0)","decl":{"start":{"line":9,"column":16},"end":{"line":9,"column":17}},"loc":{"start":{"line":9,"column":36},"end":{"line":135,"column":1}},"line":9},"1":{"name":"addFilter","decl":{"start":{"line":41,"column":13},"end":{"line":41,"column":22}},"loc":{"start":{"line":41,"column":46},"end":{"line":51,"column":5}},"line":41},"2":{"name":"parseSortArray","decl":{"start":{"line":77,"column":13},"end":{"line":77,"column":27}},"loc":{"start":{"line":77,"column":36},"end":{"line":89,"column":5}},"line":77},"3":{"name":"(anonymous_3)","decl":{"start":{"line":81,"column":14},"end":{"line":81,"column":15}},"loc":{"start":{"line":81,"column":25},"end":{"line":81,"column":53}},"line":81},"4":{"name":"(anonymous_4)","decl":{"start":{"line":82,"column":12},"end":{"line":82,"column":13}},"loc":{"start":{"line":82,"column":26},"end":{"line":86,"column":7}},"line":82},"5":{"name":"(anonymous_5)","decl":{"start":{"line":87,"column":11},"end":{"line":87,"column":12}},"loc":{"start":{"line":87,"column":27},"end":{"line":87,"column":32}},"line":87}},"branchMap":{"0":{"loc":{"start":{"line":18,"column":6},"end":{"line":20,"column":7}},"type":"if","locations":[{"start":{"line":18,"column":6},"end":{"line":20,"column":7}},{"start":{},"end":{}}],"line":18},"1":{"loc":{"start":{"line":18,"column":10},"end":{"line":18,"column":58}},"type":"binary-expr","locations":[{"start":{"line":18,"column":10},"end":{"line":18,"column":29}},{"start":{"line":18,"column":33},"end":{"line":18,"column":58}}],"line":18},"2":{"loc":{"start":{"line":25,"column":6},"end":{"line":27,"column":7}},"type":"if","locations":[{"start":{"line":25,"column":6},"end":{"line":27,"column":7}},{"start":{},"end":{}}],"line":25},"3":{"loc":{"start":{"line":25,"column":10},"end":{"line":25,"column":45}},"type":"binary-expr","locations":[{"start":{"line":25,"column":10},"end":{"line":25,"column":29}},{"start":{"line":25,"column":33},"end":{"line":25,"column":45}}],"line":25},"4":{"loc":{"start":{"line":38,"column":18},"end":{"line":38,"column":47}},"type":"binary-expr","locations":[{"start":{"line":38,"column":18},"end":{"line":38,"column":41}},{"start":{"line":38,"column":45},"end":{"line":38,"column":47}}],"line":38},"5":{"loc":{"start":{"line":39,"column":19},"end":{"line":39,"column":48}},"type":"binary-expr","locations":[{"start":{"line":39,"column":19},"end":{"line":39,"column":43}},{"start":{"line":39,"column":47},"end":{"line":39,"column":48}}],"line":39},"6":{"loc":{"start":{"line":43,"column":6},"end":{"line":50,"column":7}},"type":"if","locations":[{"start":{"line":43,"column":6},"end":{"line":50,"column":7}},{"start":{},"end":{}}],"line":43},"7":{"loc":{"start":{"line":53,"column":4},"end":{"line":57,"column":5}},"type":"if","locations":[{"start":{"line":53,"column":4},"end":{"line":57,"column":5}},{"start":{},"end":{}}],"line":53},"8":{"loc":{"start":{"line":96,"column":4},"end":{"line":113,"column":5}},"type":"if","locations":[{"start":{"line":96,"column":4},"end":{"line":113,"column":5}},{"start":{},"end":{}}],"line":96},"9":{"loc":{"start":{"line":96,"column":8},"end":{"line":96,"column":49}},"type":"binary-expr","locations":[{"start":{"line":96,"column":8},"end":{"line":96,"column":25}},{"start":{"line":96,"column":29},"end":{"line":96,"column":49}}],"line":96},"10":{"loc":{"start":{"line":101,"column":22},"end":{"line":101,"column":62}},"type":"cond-expr","locations":[{"start":{"line":101,"column":48},"end":{"line":101,"column":54}},{"start":{"line":101,"column":57},"end":{"line":101,"column":62}}],"line":101},"11":{"loc":{"start":{"line":103,"column":8},"end":{"line":105,"column":9}},"type":"if","locations":[{"start":{"line":103,"column":8},"end":{"line":105,"column":9}},{"start":{},"end":{}}],"line":103}},"s":{"0":2,"1":2,"2":2,"3":2,"4":7,"5":7,"6":7,"7":7,"8":13,"9":13,"10":1,"11":6,"12":21,"13":21,"14":1,"15":5,"16":5,"17":5,"18":5,"19":5,"20":5,"21":30,"22":30,"23":6,"24":6,"25":6,"26":6,"27":5,"28":1,"29":5,"30":5,"31":5,"32":5,"33":5,"34":5,"35":5,"36":10,"37":28,"38":2,"39":2,"40":2,"41":6,"42":10,"43":5,"44":5,"45":5,"46":5,"47":2,"48":2,"49":2,"50":3,"51":3,"52":3,"53":1,"54":2,"55":1,"56":4,"57":4,"58":4,"59":4,"60":3,"61":3,"62":3,"63":1,"64":2},"f":{"0":7,"1":30,"2":10,"3":28,"4":2,"5":6},"b":{"0":[1,12],"1":[13,3],"2":[1,20],"3":[21,5],"4":[5,4],"5":[5,5],"6":[6,24],"7":[1,4],"8":[2,3],"9":[5,2],"10":[1,2],"11":[1,2]},"_coverageSchema":"1a1c01bbd47fc00a2c39e90264f33305004495a9","hash":"08875bc3d9e1028f842e926d7289df06b9f2c847"}
,"C:\\Users\\andre\\Github\\IDX\\IDXExchange\\backend\\routes\\propertyID.js": {"path":"C:\\Users\\andre\\Github\\IDX\\IDXExchange\\backend\\routes\\propertyID.js","statementMap":{"0":{"start":{"line":6,"column":16},"end":{"line":6,"column":34}},"1":{"start":{"line":7,"column":15},"end":{"line":7,"column":31}},"2":{"start":{"line":8,"column":13},"end":{"line":8,"column":29}},"3":{"start":{"line":12,"column":4},"end":{"line":12,"column":88}},"4":{"start":{"line":21,"column":0},"end":{"line":47,"column":3}},"5":{"start":{"line":22,"column":15},"end":{"line":22,"column":28}},"6":{"start":{"line":23,"column":4},"end":{"line":23,"column":91}},"7":{"start":{"line":23,"column":27},"end":{"line":23,"column":89}},"8":{"start":{"line":24,"column":4},"end":{"line":46,"column":5}},"9":{"start":{"line":29,"column":31},"end":{"line":29,"column":114}},"10":{"start":{"line":30,"column":8},"end":{"line":30,"column":63}},"11":{"start":{"line":30,"column":41},"end":{"line":30,"column":61}},"12":{"start":{"line":36,"column":20},"end":{"line":41,"column":9}},"13":{"start":{"line":42,"column":23},"end":{"line":42,"column":50}},"14":{"start":{"line":43,"column":8},"end":{"line":43,"column":30}},"15":{"start":{"line":45,"column":8},"end":{"line":45,"column":60}},"16":{"start":{"line":53,"column":0},"end":{"line":74,"column":3}},"17":{"start":{"line":54,"column":15},"end":{"line":54,"column":28}},"18":{"start":{"line":55,"column":4},"end":{"line":55,"column":91}},"19":{"start":{"line":55,"column":27},"end":{"line":55,"column":89}},"20":{"start":{"line":56,"column":4},"end":{"line":73,"column":5}},"21":{"start":{"line":60,"column":20},"end":{"line":65,"column":9}},"22":{"start":{"line":66,"column":23},"end":{"line":66,"column":50}},"23":{"start":{"line":67,"column":8},"end":{"line":69,"column":9}},"24":{"start":{"line":68,"column":12},"end":{"line":68,"column":74}},"25":{"start":{"line":70,"column":8},"end":{"line":70,"column":33}},"26":{"start":{"line":72,"column":8},"end":{"line":72,"column":60}},"27":{"start":{"line":76,"column":0},"end":{"line":76,"column":24}}},"fnMap":{"0":{"name":"validateId","decl":{"start":{"line":10,"column":9},"end":{"line":10,"column":19}},"loc":{"start":{"line":10,"column":24},"end":{"line":13,"column":1}},"line":10},"1":{"name":"(anonymous_1)","decl":{"start":{"line":21,"column":30},"end":{"line":21,"column":31}},"loc":{"start":{"line":21,"column":50},"end":{"line":47,"column":1}},"line":21},"2":{"name":"(anonymous_2)","decl":{"start":{"line":53,"column":19},"end":{"line":53,"column":20}},"loc":{"start":{"line":53,"column":39},"end":{"line":74,"column":1}},"line":53}},"branchMap":{"0":{"loc":{"start":{"line":12,"column":11},"end":{"line":12,"column":87}},"type":"binary-expr","locations":[{"start":{"line":12,"column":11},"end":{"line":12,"column":13}},{"start":{"line":12,"column":17},"end":{"line":12,"column":39}},{"start":{"line":12,"column":43},"end":{"line":12,"column":68}},{"start":{"line":12,"column":72},"end":{"line":12,"column":87}}],"line":12},"1":{"loc":{"start":{"line":23,"column":4},"end":{"line":23,"column":91}},"type":"if","locations":[{"start":{"line":23,"column":4},"end":{"line":23,"column":91}},{"start":{},"end":{}}],"line":23},"2":{"loc":{"start":{"line":30,"column":8},"end":{"line":30,"column":63}},"type":"if","locations":[{"start":{"line":30,"column":8},"end":{"line":30,"column":63}},{"start":{},"end":{}}],"line":30},"3":{"loc":{"start":{"line":55,"column":4},"end":{"line":55,"column":91}},"type":"if","locations":[{"start":{"line":55,"column":4},"end":{"line":55,"column":91}},{"start":{},"end":{}}],"line":55},"4":{"loc":{"start":{"line":67,"column":8},"end":{"line":69,"column":9}},"type":"if","locations":[{"start":{"line":67,"column":8},"end":{"line":69,"column":9}},{"start":{},"end":{}}],"line":67}},"s":{"0":2,"1":2,"2":2,"3":9,"4":2,"5":4,"6":4,"7":1,"8":3,"9":3,"10":3,"11":1,"12":2,"13":2,"14":1,"15":1,"16":2,"17":5,"18":5,"19":2,"20":3,"21":3,"22":3,"23":2,"24":1,"25":1,"26":1,"27":2},"f":{"0":9,"1":4,"2":5},"b":{"0":[9,9,9,7],"1":[1,3],"2":[1,2],"3":[2,3],"4":[1,1]},"_coverageSchema":"1a1c01bbd47fc00a2c39e90264f33305004495a9","hash":"6114bb40cdd31e2e56a78ae68693d0431c8cf4ae"}
}
