TN:
SF:app.js
FN:12,(anonymous_0)
FN:14,(anonymous_1)
FN:29,(anonymous_2)
FNF:3
FNH:2
FNDA:16,(anonymous_0)
FNDA:16,(anonymous_1)
FNDA:0,(anonymous_2)
DA:1,2
DA:2,2
DA:3,2
DA:4,2
DA:6,2
DA:8,2
DA:9,2
DA:12,2
DA:13,16
DA:14,16
DA:15,16
DA:16,16
DA:18,16
DA:22,2
DA:23,2
DA:25,2
DA:26,2
DA:29,2
DA:30,0
DA:31,0
DA:32,0
DA:37,0
DA:44,2
LF:23
LH:19
BRDA:34,0,0,0
BRDA:34,0,1,0
BRF:2
BRH:0
end_of_record
TN:
SF:routes\properties.js
FN:9,(anonymous_0)
FN:41,addFilter
FN:77,parseSortArray
FN:81,(anonymous_3)
FN:82,(anonymous_4)
FN:87,(anonymous_5)
FNF:6
FNH:6
FNDA:7,(anonymous_0)
FNDA:30,addFilter
FNDA:10,parseSortArray
FNDA:28,(anonymous_3)
FNDA:2,(anonymous_4)
FNDA:6,(anonymous_5)
DA:5,2
DA:6,2
DA:7,2
DA:9,2
DA:10,7
DA:13,7
DA:14,7
DA:16,7
DA:17,13
DA:18,13
DA:19,1
DA:23,6
DA:24,21
DA:25,21
DA:26,1
DA:30,5
DA:31,5
DA:33,5
DA:34,5
DA:38,5
DA:39,5
DA:42,30
DA:43,30
DA:46,6
DA:47,6
DA:48,6
DA:49,6
DA:53,5
DA:56,1
DA:59,5
DA:60,5
DA:61,5
DA:62,5
DA:63,5
DA:64,5
DA:70,5
DA:80,10
DA:81,28
DA:83,2
DA:84,2
DA:85,2
DA:87,6
DA:88,10
DA:91,5
DA:92,5
DA:94,5
DA:96,5
DA:97,2
DA:99,2
DA:100,3
DA:101,3
DA:103,3
DA:104,1
DA:109,2
DA:112,1
DA:115,4
DA:117,4
DA:118,4
DA:120,4
DA:122,3
DA:123,3
DA:125,3
DA:133,1
DA:137,2
LF:64
LH:64
BRDA:18,0,0,1
BRDA:18,0,1,12
BRDA:18,1,0,13
BRDA:18,1,1,3
BRDA:25,2,0,1
BRDA:25,2,1,20
BRDA:25,3,0,21
BRDA:25,3,1,5
BRDA:38,4,0,5
BRDA:38,4,1,4
BRDA:39,5,0,5
BRDA:39,5,1,5
BRDA:43,6,0,6
BRDA:43,6,1,24
BRDA:53,7,0,1
BRDA:53,7,1,4
BRDA:96,8,0,2
BRDA:96,8,1,3
BRDA:96,9,0,5
BRDA:96,9,1,2
BRDA:101,10,0,1
BRDA:101,10,1,2
BRDA:103,11,0,1
BRDA:103,11,1,2
BRF:24
BRH:24
end_of_record
TN:
SF:routes\propertyID.js
FN:10,validateId
FN:21,(anonymous_1)
FN:53,(anonymous_2)
FNF:3
FNH:3
FNDA:9,validateId
FNDA:4,(anonymous_1)
FNDA:5,(anonymous_2)
DA:6,2
DA:7,2
DA:8,2
DA:12,9
DA:21,2
DA:22,4
DA:23,4
DA:24,3
DA:29,3
DA:30,3
DA:36,2
DA:42,2
DA:43,1
DA:45,1
DA:53,2
DA:54,5
DA:55,5
DA:56,3
DA:60,3
DA:66,3
DA:67,2
DA:68,1
DA:70,1
DA:72,1
DA:76,2
LF:25
LH:25
BRDA:12,0,0,9
BRDA:12,0,1,9
BRDA:12,0,2,9
BRDA:12,0,3,7
BRDA:23,1,0,1
BRDA:23,1,1,3
BRDA:30,2,0,1
BRDA:30,2,1,2
BRDA:55,3,0,2
BRDA:55,3,1,3
BRDA:67,4,0,1
BRDA:67,4,1,1
BRF:12
BRH:12
end_of_record
